This file contains any messages produced by compilers while
running configure, to aid debugging if configure makes a mistake.

It was created by lookbusy configure 1.4, which was
generated by GNU Autoconf 2.69.  Invocation command line was

  $ ./configure 

## --------- ##
## Platform. ##
## --------- ##

hostname = dogmatix.local
uname -m = x86_64
uname -r = 12.4.1
uname -s = Darwin
uname -v = Darwin Kernel Version 12.4.1: Tue May 21 17:04:50 PDT 2013; root:xnu-2050.40.51~1/RELEASE_X86_64

/usr/bin/uname -p = i386
/bin/uname -X     = unknown

/bin/arch              = unknown
/usr/bin/arch -k       = unknown
/usr/convex/getsysinfo = unknown
/usr/bin/hostinfo      = Mach kernel version:
	 Darwin Kernel Version 12.4.1: Tue May 21 17:04:50 PDT 2013; root:xnu-2050.40.51~1/RELEASE_X86_64
Kernel configured for up to 4 processors.
2 processors are physically available.
4 processors are logically available.
Processor type: i486 (Intel 80486)
Processors active: 0 1 2 3
Primary memory available: 8.00 gigabytes
Default processor set: 148 tasks, 879 threads, 4 processors
Load average: 1.89, Mach factor: 2.19
/bin/machine           = unknown
/usr/bin/oslevel       = unknown
/bin/universe          = unknown

PATH: /Users/prateeks/anaconda/bin
PATH: /usr/bin
PATH: /bin
PATH: /usr/sbin
PATH: /sbin
PATH: /usr/local/bin
PATH: /opt/X11/bin
PATH: /usr/texbin
PATH: /Users/prateeks/spot/ec2-api-tools-1.6.10.0


## ----------- ##
## Core tests. ##
## ----------- ##

configure:2238: checking for a BSD-compatible install
configure:2306: result: /usr/bin/install -c
configure:2317: checking whether build environment is sane
configure:2367: result: yes
configure:2508: checking for a thread-safe mkdir -p
configure:2547: result: ./install-sh -c -d
configure:2560: checking for gawk
configure:2590: result: no
configure:2560: checking for mawk
configure:2590: result: no
configure:2560: checking for nawk
configure:2590: result: no
configure:2560: checking for awk
configure:2576: found /usr/bin/awk
configure:2587: result: awk
configure:2598: checking whether make sets $(MAKE)
configure:2620: result: yes
configure:2750: checking for gcc
configure:2766: found /usr/bin/gcc
configure:2777: result: gcc
configure:3006: checking for C compiler version
configure:3015: gcc --version >&5
i686-apple-darwin11-llvm-gcc-4.2 (GCC) 4.2.1 (Based on Apple Inc. build 5658) (LLVM build 2336.11.00)
Copyright (C) 2007 Free Software Foundation, Inc.
This is free software; see the source for copying conditions.  There is NO
warranty; not even for MERCHANTABILITY or FITNESS FOR A PARTICULAR PURPOSE.

configure:3026: $? = 0
configure:3015: gcc -v >&5
Using built-in specs.
Target: i686-apple-darwin11
Configured with: /private/var/tmp/llvmgcc42/llvmgcc42-2336.11~182/src/configure --disable-checking --enable-werror --prefix=/Applications/Xcode.app/Contents/Developer/usr/llvm-gcc-4.2 --mandir=/share/man --enable-languages=c,objc,c++,obj-c++ --program-prefix=llvm- --program-transform-name=/^[cg][^.-]*$/s/$/-4.2/ --with-slibdir=/usr/lib --build=i686-apple-darwin11 --enable-llvm=/private/var/tmp/llvmgcc42/llvmgcc42-2336.11~182/dst-llvmCore/Developer/usr/local --program-prefix=i686-apple-darwin11- --host=x86_64-apple-darwin11 --target=i686-apple-darwin11 --with-gxx-include-dir=/usr/include/c++/4.2.1
Thread model: posix
gcc version 4.2.1 (Based on Apple Inc. build 5658) (LLVM build 2336.11.00)
configure:3026: $? = 0
configure:3015: gcc -V >&5
llvm-gcc-4.2: argument to `-V' is missing
configure:3026: $? = 1
configure:3015: gcc -qversion >&5
i686-apple-darwin11-llvm-gcc-4.2: no input files
configure:3026: $? = 1
configure:3046: checking whether the C compiler works
configure:3068: gcc    conftest.c  >&5
configure:3072: $? = 0
configure:3120: result: yes
configure:3123: checking for C compiler default output file name
configure:3125: result: a.out
configure:3131: checking for suffix of executables
configure:3138: gcc -o conftest    conftest.c  >&5
configure:3142: $? = 0
configure:3164: result: 
configure:3186: checking whether we are cross compiling
configure:3194: gcc -o conftest    conftest.c  >&5
configure:3198: $? = 0
configure:3205: ./conftest
configure:3209: $? = 0
configure:3224: result: no
configure:3229: checking for suffix of object files
configure:3251: gcc -c   conftest.c >&5
configure:3255: $? = 0
configure:3276: result: o
configure:3280: checking whether we are using the GNU C compiler
configure:3299: gcc -c   conftest.c >&5
configure:3299: $? = 0
configure:3308: result: yes
configure:3317: checking whether gcc accepts -g
configure:3337: gcc -c -g  conftest.c >&5
configure:3337: $? = 0
configure:3378: result: yes
configure:3395: checking for gcc option to accept ISO C89
configure:3458: gcc  -c -g -O2  conftest.c >&5
configure:3458: $? = 0
configure:3471: result: none needed
configure:3502: checking for style of include used by make
configure:3530: result: GNU
configure:3556: checking dependency style of gcc
configure:3667: result: gcc3
configure:3692: checking how to run the C preprocessor
configure:3723: gcc -E  conftest.c
configure:3723: $? = 0
configure:3737: gcc -E  conftest.c
conftest.c:11:28: error: ac_nonexistent.h: No such file or directory
configure:3737: $? = 1
configure: failed program was:
| /* confdefs.h */
| #define PACKAGE_NAME "lookbusy"
| #define PACKAGE_TARNAME "lookbusy"
| #define PACKAGE_VERSION "1.4"
| #define PACKAGE_STRING "lookbusy 1.4"
| #define PACKAGE_BUGREPORT "lookbusy@devin.com"
| #define PACKAGE_URL ""
| #define PACKAGE "lookbusy"
| #define VERSION "1.4"
| /* end confdefs.h.  */
| #include <ac_nonexistent.h>
configure:3762: result: gcc -E
configure:3782: gcc -E  conftest.c
configure:3782: $? = 0
configure:3796: gcc -E  conftest.c
conftest.c:11:28: error: ac_nonexistent.h: No such file or directory
configure:3796: $? = 1
configure: failed program was:
| /* confdefs.h */
| #define PACKAGE_NAME "lookbusy"
| #define PACKAGE_TARNAME "lookbusy"
| #define PACKAGE_VERSION "1.4"
| #define PACKAGE_STRING "lookbusy 1.4"
| #define PACKAGE_BUGREPORT "lookbusy@devin.com"
| #define PACKAGE_URL ""
| #define PACKAGE "lookbusy"
| #define VERSION "1.4"
| /* end confdefs.h.  */
| #include <ac_nonexistent.h>
configure:3825: checking for grep that handles long lines and -e
configure:3883: result: /usr/bin/grep
configure:3888: checking for egrep
configure:3950: result: /usr/bin/grep -E
configure:3955: checking for ANSI C header files
configure:3975: gcc -c -g -O2  conftest.c >&5
configure:3975: $? = 0
configure:4048: gcc -o conftest -g -O2   conftest.c  >&5
configure:4048: $? = 0
configure:4048: ./conftest
configure:4048: $? = 0
configure:4059: result: yes
configure:4067: checking for sys/wait.h that is POSIX.1 compatible
configure:4093: gcc -c -g -O2  conftest.c >&5
configure:4093: $? = 0
configure:4100: result: yes
configure:4113: checking for sys/types.h
configure:4113: gcc -c -g -O2  conftest.c >&5
configure:4113: $? = 0
configure:4113: result: yes
configure:4113: checking for sys/stat.h
configure:4113: gcc -c -g -O2  conftest.c >&5
configure:4113: $? = 0
configure:4113: result: yes
configure:4113: checking for stdlib.h
configure:4113: gcc -c -g -O2  conftest.c >&5
configure:4113: $? = 0
configure:4113: result: yes
configure:4113: checking for string.h
configure:4113: gcc -c -g -O2  conftest.c >&5
configure:4113: $? = 0
configure:4113: result: yes
configure:4113: checking for memory.h
configure:4113: gcc -c -g -O2  conftest.c >&5
configure:4113: $? = 0
configure:4113: result: yes
configure:4113: checking for strings.h
configure:4113: gcc -c -g -O2  conftest.c >&5
configure:4113: $? = 0
configure:4113: result: yes
configure:4113: checking for inttypes.h
configure:4113: gcc -c -g -O2  conftest.c >&5
configure:4113: $? = 0
configure:4113: result: yes
configure:4113: checking for stdint.h
configure:4113: gcc -c -g -O2  conftest.c >&5
configure:4113: $? = 0
configure:4113: result: yes
configure:4113: checking for unistd.h
configure:4113: gcc -c -g -O2  conftest.c >&5
configure:4113: $? = 0
configure:4113: result: yes
configure:4128: checking fcntl.h usability
configure:4128: gcc -c -g -O2  conftest.c >&5
configure:4128: $? = 0
configure:4128: result: yes
configure:4128: checking fcntl.h presence
configure:4128: gcc -E  conftest.c
configure:4128: $? = 0
configure:4128: result: yes
configure:4128: checking for fcntl.h
configure:4128: result: yes
configure:4128: checking for stdint.h
configure:4128: result: yes
configure:4128: checking for stdlib.h
configure:4128: result: yes
configure:4128: checking for string.h
configure:4128: result: yes
configure:4128: checking sys/time.h usability
configure:4128: gcc -c -g -O2  conftest.c >&5
configure:4128: $? = 0
configure:4128: result: yes
configure:4128: checking sys/time.h presence
configure:4128: gcc -E  conftest.c
configure:4128: $? = 0
configure:4128: result: yes
configure:4128: checking for sys/time.h
configure:4128: result: yes
configure:4128: checking for unistd.h
configure:4128: result: yes
configure:4140: checking for an ANSI C-conforming const
configure:4206: gcc -c -g -O2  conftest.c >&5
configure:4206: $? = 0
configure:4213: result: yes
configure:4221: checking for off_t
configure:4221: gcc -c -g -O2  conftest.c >&5
configure:4221: $? = 0
configure:4221: gcc -c -g -O2  conftest.c >&5
conftest.c: In function 'main':
conftest.c:64: error: expected expression before ')' token
configure:4221: $? = 1
configure: failed program was:
| /* confdefs.h */
| #define PACKAGE_NAME "lookbusy"
| #define PACKAGE_TARNAME "lookbusy"
| #define PACKAGE_VERSION "1.4"
| #define PACKAGE_STRING "lookbusy 1.4"
| #define PACKAGE_BUGREPORT "lookbusy@devin.com"
| #define PACKAGE_URL ""
| #define PACKAGE "lookbusy"
| #define VERSION "1.4"
| #define STDC_HEADERS 1
| #define HAVE_SYS_WAIT_H 1
| #define HAVE_SYS_TYPES_H 1
| #define HAVE_SYS_STAT_H 1
| #define HAVE_STDLIB_H 1
| #define HAVE_STRING_H 1
| #define HAVE_MEMORY_H 1
| #define HAVE_STRINGS_H 1
| #define HAVE_INTTYPES_H 1
| #define HAVE_STDINT_H 1
| #define HAVE_UNISTD_H 1
| #define HAVE_FCNTL_H 1
| #define HAVE_STDINT_H 1
| #define HAVE_STDLIB_H 1
| #define HAVE_STRING_H 1
| #define HAVE_SYS_TIME_H 1
| #define HAVE_UNISTD_H 1
| /* end confdefs.h.  */
| #include <stdio.h>
| #ifdef HAVE_SYS_TYPES_H
| # include <sys/types.h>
| #endif
| #ifdef HAVE_SYS_STAT_H
| # include <sys/stat.h>
| #endif
| #ifdef STDC_HEADERS
| # include <stdlib.h>
| # include <stddef.h>
| #else
| # ifdef HAVE_STDLIB_H
| #  include <stdlib.h>
| # endif
| #endif
| #ifdef HAVE_STRING_H
| # if !defined STDC_HEADERS && defined HAVE_MEMORY_H
| #  include <memory.h>
| # endif
| # include <string.h>
| #endif
| #ifdef HAVE_STRINGS_H
| # include <strings.h>
| #endif
| #ifdef HAVE_INTTYPES_H
| # include <inttypes.h>
| #endif
| #ifdef HAVE_STDINT_H
| # include <stdint.h>
| #endif
| #ifdef HAVE_UNISTD_H
| # include <unistd.h>
| #endif
| int
| main ()
| {
| if (sizeof ((off_t)))
| 	    return 0;
|   ;
|   return 0;
| }
configure:4221: result: yes
configure:4232: checking for pid_t
configure:4232: gcc -c -g -O2  conftest.c >&5
configure:4232: $? = 0
configure:4232: gcc -c -g -O2  conftest.c >&5
conftest.c: In function 'main':
conftest.c:64: error: expected expression before ')' token
configure:4232: $? = 1
configure: failed program was:
| /* confdefs.h */
| #define PACKAGE_NAME "lookbusy"
| #define PACKAGE_TARNAME "lookbusy"
| #define PACKAGE_VERSION "1.4"
| #define PACKAGE_STRING "lookbusy 1.4"
| #define PACKAGE_BUGREPORT "lookbusy@devin.com"
| #define PACKAGE_URL ""
| #define PACKAGE "lookbusy"
| #define VERSION "1.4"
| #define STDC_HEADERS 1
| #define HAVE_SYS_WAIT_H 1
| #define HAVE_SYS_TYPES_H 1
| #define HAVE_SYS_STAT_H 1
| #define HAVE_STDLIB_H 1
| #define HAVE_STRING_H 1
| #define HAVE_MEMORY_H 1
| #define HAVE_STRINGS_H 1
| #define HAVE_INTTYPES_H 1
| #define HAVE_STDINT_H 1
| #define HAVE_UNISTD_H 1
| #define HAVE_FCNTL_H 1
| #define HAVE_STDINT_H 1
| #define HAVE_STDLIB_H 1
| #define HAVE_STRING_H 1
| #define HAVE_SYS_TIME_H 1
| #define HAVE_UNISTD_H 1
| /* end confdefs.h.  */
| #include <stdio.h>
| #ifdef HAVE_SYS_TYPES_H
| # include <sys/types.h>
| #endif
| #ifdef HAVE_SYS_STAT_H
| # include <sys/stat.h>
| #endif
| #ifdef STDC_HEADERS
| # include <stdlib.h>
| # include <stddef.h>
| #else
| # ifdef HAVE_STDLIB_H
| #  include <stdlib.h>
| # endif
| #endif
| #ifdef HAVE_STRING_H
| # if !defined STDC_HEADERS && defined HAVE_MEMORY_H
| #  include <memory.h>
| # endif
| # include <string.h>
| #endif
| #ifdef HAVE_STRINGS_H
| # include <strings.h>
| #endif
| #ifdef HAVE_INTTYPES_H
| # include <inttypes.h>
| #endif
| #ifdef HAVE_STDINT_H
| # include <stdint.h>
| #endif
| #ifdef HAVE_UNISTD_H
| # include <unistd.h>
| #endif
| int
| main ()
| {
| if (sizeof ((pid_t)))
| 	    return 0;
|   ;
|   return 0;
| }
configure:4232: result: yes
configure:4243: checking for size_t
configure:4243: gcc -c -g -O2  conftest.c >&5
configure:4243: $? = 0
configure:4243: gcc -c -g -O2  conftest.c >&5
conftest.c: In function 'main':
conftest.c:64: error: expected expression before ')' token
configure:4243: $? = 1
configure: failed program was:
| /* confdefs.h */
| #define PACKAGE_NAME "lookbusy"
| #define PACKAGE_TARNAME "lookbusy"
| #define PACKAGE_VERSION "1.4"
| #define PACKAGE_STRING "lookbusy 1.4"
| #define PACKAGE_BUGREPORT "lookbusy@devin.com"
| #define PACKAGE_URL ""
| #define PACKAGE "lookbusy"
| #define VERSION "1.4"
| #define STDC_HEADERS 1
| #define HAVE_SYS_WAIT_H 1
| #define HAVE_SYS_TYPES_H 1
| #define HAVE_SYS_STAT_H 1
| #define HAVE_STDLIB_H 1
| #define HAVE_STRING_H 1
| #define HAVE_MEMORY_H 1
| #define HAVE_STRINGS_H 1
| #define HAVE_INTTYPES_H 1
| #define HAVE_STDINT_H 1
| #define HAVE_UNISTD_H 1
| #define HAVE_FCNTL_H 1
| #define HAVE_STDINT_H 1
| #define HAVE_STDLIB_H 1
| #define HAVE_STRING_H 1
| #define HAVE_SYS_TIME_H 1
| #define HAVE_UNISTD_H 1
| /* end confdefs.h.  */
| #include <stdio.h>
| #ifdef HAVE_SYS_TYPES_H
| # include <sys/types.h>
| #endif
| #ifdef HAVE_SYS_STAT_H
| # include <sys/stat.h>
| #endif
| #ifdef STDC_HEADERS
| # include <stdlib.h>
| # include <stddef.h>
| #else
| # ifdef HAVE_STDLIB_H
| #  include <stdlib.h>
| # endif
| #endif
| #ifdef HAVE_STRING_H
| # if !defined STDC_HEADERS && defined HAVE_MEMORY_H
| #  include <memory.h>
| # endif
| # include <string.h>
| #endif
| #ifdef HAVE_STRINGS_H
| # include <strings.h>
| #endif
| #ifdef HAVE_INTTYPES_H
| # include <inttypes.h>
| #endif
| #ifdef HAVE_STDINT_H
| # include <stdint.h>
| #endif
| #ifdef HAVE_UNISTD_H
| # include <unistd.h>
| #endif
| int
| main ()
| {
| if (sizeof ((size_t)))
| 	    return 0;
|   ;
|   return 0;
| }
configure:4243: result: yes
configure:4254: checking whether time.h and sys/time.h may both be included
configure:4274: gcc -c -g -O2  conftest.c >&5
configure:4274: $? = 0
configure:4281: result: yes
configure:4293: checking vfork.h usability
configure:4293: gcc -c -g -O2  conftest.c >&5
conftest.c:62:19: error: vfork.h: No such file or directory
configure:4293: $? = 1
configure: failed program was:
| /* confdefs.h */
| #define PACKAGE_NAME "lookbusy"
| #define PACKAGE_TARNAME "lookbusy"
| #define PACKAGE_VERSION "1.4"
| #define PACKAGE_STRING "lookbusy 1.4"
| #define PACKAGE_BUGREPORT "lookbusy@devin.com"
| #define PACKAGE_URL ""
| #define PACKAGE "lookbusy"
| #define VERSION "1.4"
| #define STDC_HEADERS 1
| #define HAVE_SYS_WAIT_H 1
| #define HAVE_SYS_TYPES_H 1
| #define HAVE_SYS_STAT_H 1
| #define HAVE_STDLIB_H 1
| #define HAVE_STRING_H 1
| #define HAVE_MEMORY_H 1
| #define HAVE_STRINGS_H 1
| #define HAVE_INTTYPES_H 1
| #define HAVE_STDINT_H 1
| #define HAVE_UNISTD_H 1
| #define HAVE_FCNTL_H 1
| #define HAVE_STDINT_H 1
| #define HAVE_STDLIB_H 1
| #define HAVE_STRING_H 1
| #define HAVE_SYS_TIME_H 1
| #define HAVE_UNISTD_H 1
| #define TIME_WITH_SYS_TIME 1
| /* end confdefs.h.  */
| #include <stdio.h>
| #ifdef HAVE_SYS_TYPES_H
| # include <sys/types.h>
| #endif
| #ifdef HAVE_SYS_STAT_H
| # include <sys/stat.h>
| #endif
| #ifdef STDC_HEADERS
| # include <stdlib.h>
| # include <stddef.h>
| #else
| # ifdef HAVE_STDLIB_H
| #  include <stdlib.h>
| # endif
| #endif
| #ifdef HAVE_STRING_H
| # if !defined STDC_HEADERS && defined HAVE_MEMORY_H
| #  include <memory.h>
| # endif
| # include <string.h>
| #endif
| #ifdef HAVE_STRINGS_H
| # include <strings.h>
| #endif
| #ifdef HAVE_INTTYPES_H
| # include <inttypes.h>
| #endif
| #ifdef HAVE_STDINT_H
| # include <stdint.h>
| #endif
| #ifdef HAVE_UNISTD_H
| # include <unistd.h>
| #endif
| #include <vfork.h>
configure:4293: result: no
configure:4293: checking vfork.h presence
configure:4293: gcc -E  conftest.c
conftest.c:29:19: error: vfork.h: No such file or directory
configure:4293: $? = 1
configure: failed program was:
| /* confdefs.h */
| #define PACKAGE_NAME "lookbusy"
| #define PACKAGE_TARNAME "lookbusy"
| #define PACKAGE_VERSION "1.4"
| #define PACKAGE_STRING "lookbusy 1.4"
| #define PACKAGE_BUGREPORT "lookbusy@devin.com"
| #define PACKAGE_URL ""
| #define PACKAGE "lookbusy"
| #define VERSION "1.4"
| #define STDC_HEADERS 1
| #define HAVE_SYS_WAIT_H 1
| #define HAVE_SYS_TYPES_H 1
| #define HAVE_SYS_STAT_H 1
| #define HAVE_STDLIB_H 1
| #define HAVE_STRING_H 1
| #define HAVE_MEMORY_H 1
| #define HAVE_STRINGS_H 1
| #define HAVE_INTTYPES_H 1
| #define HAVE_STDINT_H 1
| #define HAVE_UNISTD_H 1
| #define HAVE_FCNTL_H 1
| #define HAVE_STDINT_H 1
| #define HAVE_STDLIB_H 1
| #define HAVE_STRING_H 1
| #define HAVE_SYS_TIME_H 1
| #define HAVE_UNISTD_H 1
| #define TIME_WITH_SYS_TIME 1
| /* end confdefs.h.  */
| #include <vfork.h>
configure:4293: result: no
configure:4293: checking for vfork.h
configure:4293: result: no
configure:4306: checking for fork
configure:4306: gcc -o conftest -g -O2   conftest.c  >&5
conftest.c:52: warning: conflicting types for built-in function 'fork'
configure:4306: $? = 0
configure:4306: result: yes
configure:4306: checking for vfork
configure:4306: gcc -o conftest -g -O2   conftest.c  >&5
configure:4306: $? = 0
configure:4306: result: yes
configure:4316: checking for working fork
configure:4338: gcc -o conftest -g -O2   conftest.c  >&5
configure:4338: $? = 0
configure:4338: ./conftest
configure:4338: $? = 0
configure:4348: result: yes
configure:4369: checking for working vfork
configure:4479: result: yes
configure:4506: checking for stdlib.h
configure:4506: result: yes
configure:4516: checking for GNU libc compatible malloc
configure:4540: gcc -o conftest -g -O2   conftest.c  >&5
configure:4540: $? = 0
configure:4540: ./conftest
configure:4540: $? = 0
configure:4550: result: yes
configure:4573: checking for stdlib.h
configure:4573: result: yes
configure:4583: checking for GNU libc compatible realloc
configure:4607: gcc -o conftest -g -O2   conftest.c  >&5
configure:4607: $? = 0
configure:4607: ./conftest
configure:4607: $? = 0
configure:4617: result: yes
configure:4638: checking return type of signal handlers
configure:4656: gcc -c -g -O2  conftest.c >&5
conftest.c: In function 'main':
conftest.c:43: error: void value not ignored as it ought to be
configure:4656: $? = 1
configure: failed program was:
| /* confdefs.h */
| #define PACKAGE_NAME "lookbusy"
| #define PACKAGE_TARNAME "lookbusy"
| #define PACKAGE_VERSION "1.4"
| #define PACKAGE_STRING "lookbusy 1.4"
| #define PACKAGE_BUGREPORT "lookbusy@devin.com"
| #define PACKAGE_URL ""
| #define PACKAGE "lookbusy"
| #define VERSION "1.4"
| #define STDC_HEADERS 1
| #define HAVE_SYS_WAIT_H 1
| #define HAVE_SYS_TYPES_H 1
| #define HAVE_SYS_STAT_H 1
| #define HAVE_STDLIB_H 1
| #define HAVE_STRING_H 1
| #define HAVE_MEMORY_H 1
| #define HAVE_STRINGS_H 1
| #define HAVE_INTTYPES_H 1
| #define HAVE_STDINT_H 1
| #define HAVE_UNISTD_H 1
| #define HAVE_FCNTL_H 1
| #define HAVE_STDINT_H 1
| #define HAVE_STDLIB_H 1
| #define HAVE_STRING_H 1
| #define HAVE_SYS_TIME_H 1
| #define HAVE_UNISTD_H 1
| #define TIME_WITH_SYS_TIME 1
| #define HAVE_FORK 1
| #define HAVE_VFORK 1
| #define HAVE_WORKING_VFORK 1
| #define HAVE_WORKING_FORK 1
| #define HAVE_STDLIB_H 1
| #define HAVE_MALLOC 1
| #define HAVE_STDLIB_H 1
| #define HAVE_REALLOC 1
| /* end confdefs.h.  */
| #include <sys/types.h>
| #include <signal.h>
| 
| int
| main ()
| {
| return *(signal (0, 0)) (0) == 1;
|   ;
|   return 0;
| }
configure:4663: result: void
configure:4671: checking whether lstat correctly handles trailing slash
configure:4697: gcc -o conftest -g -O2   conftest.c  >&5
configure:4697: $? = 0
configure:4697: ./conftest
configure:4697: $? = 1
configure: program exited with status 1
configure: failed program was:
| /* confdefs.h */
| #define PACKAGE_NAME "lookbusy"
| #define PACKAGE_TARNAME "lookbusy"
| #define PACKAGE_VERSION "1.4"
| #define PACKAGE_STRING "lookbusy 1.4"
| #define PACKAGE_BUGREPORT "lookbusy@devin.com"
| #define PACKAGE_URL ""
| #define PACKAGE "lookbusy"
| #define VERSION "1.4"
| #define STDC_HEADERS 1
| #define HAVE_SYS_WAIT_H 1
| #define HAVE_SYS_TYPES_H 1
| #define HAVE_SYS_STAT_H 1
| #define HAVE_STDLIB_H 1
| #define HAVE_STRING_H 1
| #define HAVE_MEMORY_H 1
| #define HAVE_STRINGS_H 1
| #define HAVE_INTTYPES_H 1
| #define HAVE_STDINT_H 1
| #define HAVE_UNISTD_H 1
| #define HAVE_FCNTL_H 1
| #define HAVE_STDINT_H 1
| #define HAVE_STDLIB_H 1
| #define HAVE_STRING_H 1
| #define HAVE_SYS_TIME_H 1
| #define HAVE_UNISTD_H 1
| #define TIME_WITH_SYS_TIME 1
| #define HAVE_FORK 1
| #define HAVE_VFORK 1
| #define HAVE_WORKING_VFORK 1
| #define HAVE_WORKING_FORK 1
| #define HAVE_STDLIB_H 1
| #define HAVE_MALLOC 1
| #define HAVE_STDLIB_H 1
| #define HAVE_REALLOC 1
| #define RETSIGTYPE void
| /* end confdefs.h.  */
| #include <stdio.h>
| #ifdef HAVE_SYS_TYPES_H
| # include <sys/types.h>
| #endif
| #ifdef HAVE_SYS_STAT_H
| # include <sys/stat.h>
| #endif
| #ifdef STDC_HEADERS
| # include <stdlib.h>
| # include <stddef.h>
| #else
| # ifdef HAVE_STDLIB_H
| #  include <stdlib.h>
| # endif
| #endif
| #ifdef HAVE_STRING_H
| # if !defined STDC_HEADERS && defined HAVE_MEMORY_H
| #  include <memory.h>
| # endif
| # include <string.h>
| #endif
| #ifdef HAVE_STRINGS_H
| # include <strings.h>
| #endif
| #ifdef HAVE_INTTYPES_H
| # include <inttypes.h>
| #endif
| #ifdef HAVE_STDINT_H
| # include <stdint.h>
| #endif
| #ifdef HAVE_UNISTD_H
| # include <unistd.h>
| #endif
| int
| main ()
| {
| struct stat sbuf;
|      /* Linux will dereference the symlink and fail, as required by POSIX.
| 	That is better in the sense that it means we will not
| 	have to compile and use the lstat wrapper.  */
|      return lstat ("conftest.sym/", &sbuf) == 0;
|   ;
|   return 0;
| }
configure:4714: result: no
configure:4733: checking whether stat accepts an empty string
configure:4753: gcc -o conftest -g -O2   conftest.c  >&5
configure:4753: $? = 0
configure:4753: ./conftest
configure:4753: $? = 0
configure:4763: result: no
configure:4781: checking for vprintf
configure:4781: gcc -o conftest -g -O2   conftest.c  >&5
conftest.c:61: warning: conflicting types for built-in function 'vprintf'
configure:4781: $? = 0
configure:4781: result: yes
configure:4787: checking for _doprnt
configure:4787: gcc -o conftest -g -O2   conftest.c  >&5
Undefined symbols for architecture x86_64:
  "__doprnt", referenced from:
      _main in cc4jn8DF.o
ld: symbol(s) not found for architecture x86_64
collect2: ld returned 1 exit status
configure:4787: $? = 1
configure: failed program was:
| /* confdefs.h */
| #define PACKAGE_NAME "lookbusy"
| #define PACKAGE_TARNAME "lookbusy"
| #define PACKAGE_VERSION "1.4"
| #define PACKAGE_STRING "lookbusy 1.4"
| #define PACKAGE_BUGREPORT "lookbusy@devin.com"
| #define PACKAGE_URL ""
| #define PACKAGE "lookbusy"
| #define VERSION "1.4"
| #define STDC_HEADERS 1
| #define HAVE_SYS_WAIT_H 1
| #define HAVE_SYS_TYPES_H 1
| #define HAVE_SYS_STAT_H 1
| #define HAVE_STDLIB_H 1
| #define HAVE_STRING_H 1
| #define HAVE_MEMORY_H 1
| #define HAVE_STRINGS_H 1
| #define HAVE_INTTYPES_H 1
| #define HAVE_STDINT_H 1
| #define HAVE_UNISTD_H 1
| #define HAVE_FCNTL_H 1
| #define HAVE_STDINT_H 1
| #define HAVE_STDLIB_H 1
| #define HAVE_STRING_H 1
| #define HAVE_SYS_TIME_H 1
| #define HAVE_UNISTD_H 1
| #define TIME_WITH_SYS_TIME 1
| #define HAVE_FORK 1
| #define HAVE_VFORK 1
| #define HAVE_WORKING_VFORK 1
| #define HAVE_WORKING_FORK 1
| #define HAVE_STDLIB_H 1
| #define HAVE_MALLOC 1
| #define HAVE_STDLIB_H 1
| #define HAVE_REALLOC 1
| #define RETSIGTYPE void
| #define HAVE_VPRINTF 1
| /* end confdefs.h.  */
| /* Define _doprnt to an innocuous variant, in case <limits.h> declares _doprnt.
|    For example, HP-UX 11i <limits.h> declares gettimeofday.  */
| #define _doprnt innocuous__doprnt
| 
| /* System header to define __stub macros and hopefully few prototypes,
|     which can conflict with char _doprnt (); below.
|     Prefer <limits.h> to <assert.h> if __STDC__ is defined, since
|     <limits.h> exists even on freestanding compilers.  */
| 
| #ifdef __STDC__
| # include <limits.h>
| #else
| # include <assert.h>
| #endif
| 
| #undef _doprnt
| 
| /* Override any GCC internal prototype to avoid an error.
|    Use char because int might match the return type of a GCC
|    builtin and then its argument prototype would still apply.  */
| #ifdef __cplusplus
| extern "C"
| #endif
| char _doprnt ();
| /* The GNU C library defines this for functions which it implements
|     to always fail with ENOSYS.  Some functions are actually named
|     something starting with __ and the normal name is an alias.  */
| #if defined __stub__doprnt || defined __stub____doprnt
| choke me
| #endif
| 
| int
| main ()
| {
| return _doprnt ();
|   ;
|   return 0;
| }
configure:4787: result: no
configure:4801: checking for sysconf
configure:4801: gcc -o conftest -g -O2   conftest.c  >&5
configure:4801: $? = 0
configure:4801: result: yes
configure:4801: checking for gettimeofday
configure:4801: gcc -o conftest -g -O2   conftest.c  >&5
configure:4801: $? = 0
configure:4801: result: yes
configure:4801: checking for memmove
configure:4801: gcc -o conftest -g -O2   conftest.c  >&5
conftest.c:64: warning: conflicting types for built-in function 'memmove'
configure:4801: $? = 0
configure:4801: result: yes
configure:4801: checking for regcomp
configure:4801: gcc -o conftest -g -O2   conftest.c  >&5
configure:4801: $? = 0
configure:4801: result: yes
configure:4801: checking for strdup
configure:4801: gcc -o conftest -g -O2   conftest.c  >&5
conftest.c:66: warning: conflicting types for built-in function 'strdup'
configure:4801: $? = 0
configure:4801: result: yes
configure:4801: checking for strerror
configure:4801: gcc -o conftest -g -O2   conftest.c  >&5
configure:4801: $? = 0
configure:4801: result: yes
configure:4801: checking for strcasecmp
configure:4801: gcc -o conftest -g -O2   conftest.c  >&5
conftest.c:68: warning: conflicting types for built-in function 'strcasecmp'
configure:4801: $? = 0
configure:4801: result: yes
configure:4801: checking for strtol
configure:4801: gcc -o conftest -g -O2   conftest.c  >&5
configure:4801: $? = 0
configure:4801: result: yes
configure:4801: checking for strtoll
configure:4801: gcc -o conftest -g -O2   conftest.c  >&5
configure:4801: $? = 0
configure:4801: result: yes
configure:4801: checking for tzset
configure:4801: gcc -o conftest -g -O2   conftest.c  >&5
configure:4801: $? = 0
configure:4801: result: yes
configure:4810: checking for cos in -lm
configure:4835: gcc -o conftest -g -O2   conftest.c -lm   >&5
conftest.c:56: warning: conflicting types for built-in function 'cos'
configure:4835: $? = 0
configure:4844: result: yes
configure:4863: checking for special C compiler options needed for large files
configure:4908: result: no
configure:4914: checking for _FILE_OFFSET_BITS value needed for large files
configure:4939: gcc -c -g -O2  conftest.c >&5
configure:4939: $? = 0
configure:4971: result: no
configure:5188: creating ./config.status

## ---------------------- ##
## Running config.status. ##
## ---------------------- ##

This file was extended by lookbusy config.status 1.4, which was
generated by GNU Autoconf 2.69.  Invocation command line was

  CONFIG_FILES    = 
  CONFIG_HEADERS  = 
  CONFIG_LINKS    = 
  CONFIG_COMMANDS = 
  $ ./config.status 

on dogmatix.local

config.status:877: creating Makefile
config.status:877: creating config.h
config.status:1106: executing depfiles commands

## ---------------- ##
## Cache variables. ##
## ---------------- ##

ac_cv_c_compiler_gnu=yes
ac_cv_c_const=yes
ac_cv_env_CC_set=
ac_cv_env_CC_value=
ac_cv_env_CFLAGS_set=
ac_cv_env_CFLAGS_value=
ac_cv_env_CPPFLAGS_set=
ac_cv_env_CPPFLAGS_value=
ac_cv_env_CPP_set=
ac_cv_env_CPP_value=
ac_cv_env_LDFLAGS_set=
ac_cv_env_LDFLAGS_value=
ac_cv_env_LIBS_set=
ac_cv_env_LIBS_value=
ac_cv_env_build_alias_set=
ac_cv_env_build_alias_value=
ac_cv_env_host_alias_set=
ac_cv_env_host_alias_value=
ac_cv_env_target_alias_set=
ac_cv_env_target_alias_value=
ac_cv_func__doprnt=no
ac_cv_func_fork=yes
ac_cv_func_fork_works=yes
ac_cv_func_gettimeofday=yes
ac_cv_func_lstat_dereferences_slashed_symlink=no
ac_cv_func_malloc_0_nonnull=yes
ac_cv_func_memmove=yes
ac_cv_func_realloc_0_nonnull=yes
ac_cv_func_regcomp=yes
ac_cv_func_stat_empty_string_bug=no
ac_cv_func_strcasecmp=yes
ac_cv_func_strdup=yes
ac_cv_func_strerror=yes
ac_cv_func_strtol=yes
ac_cv_func_strtoll=yes
ac_cv_func_sysconf=yes
ac_cv_func_tzset=yes
ac_cv_func_vfork=yes
ac_cv_func_vfork_works=yes
ac_cv_func_vprintf=yes
ac_cv_header_fcntl_h=yes
ac_cv_header_inttypes_h=yes
ac_cv_header_memory_h=yes
ac_cv_header_stdc=yes
ac_cv_header_stdint_h=yes
ac_cv_header_stdlib_h=yes
ac_cv_header_string_h=yes
ac_cv_header_strings_h=yes
ac_cv_header_sys_stat_h=yes
ac_cv_header_sys_time_h=yes
ac_cv_header_sys_types_h=yes
ac_cv_header_sys_wait_h=yes
ac_cv_header_time=yes
ac_cv_header_unistd_h=yes
ac_cv_header_vfork_h=no
ac_cv_lib_m_cos=yes
ac_cv_objext=o
ac_cv_path_EGREP='/usr/bin/grep -E'
ac_cv_path_GREP=/usr/bin/grep
ac_cv_path_install='/usr/bin/install -c'
ac_cv_prog_AWK=awk
ac_cv_prog_CPP='gcc -E'
ac_cv_prog_ac_ct_CC=gcc
ac_cv_prog_cc_c89=
ac_cv_prog_cc_g=yes
ac_cv_prog_make_make_set=yes
ac_cv_sys_file_offset_bits=no
ac_cv_sys_largefile_CC=no
ac_cv_type_off_t=yes
ac_cv_type_pid_t=yes
ac_cv_type_signal=void
ac_cv_type_size_t=yes
am_cv_CC_dependencies_compiler_type=gcc3

## ----------------- ##
## Output variables. ##
## ----------------- ##

ACLOCAL='${SHELL} /Users/prateeks/code/loadgen/missing --run aclocal-1.11'
AMDEPBACKSLASH='\'
AMDEP_FALSE='#'
AMDEP_TRUE=''
AMTAR='$${TAR-tar}'
AUTOCONF='${SHELL} /Users/prateeks/code/loadgen/missing --run autoconf'
AUTOHEADER='${SHELL} /Users/prateeks/code/loadgen/missing --run autoheader'
AUTOMAKE='${SHELL} /Users/prateeks/code/loadgen/missing --run automake-1.11'
AWK='awk'
CC='gcc'
CCDEPMODE='depmode=gcc3'
CFLAGS='-g -O2'
CPP='gcc -E'
CPPFLAGS=''
CYGPATH_W='echo'
DEFS='-DHAVE_CONFIG_H'
DEPDIR='.deps'
ECHO_C='\c'
ECHO_N=''
ECHO_T=''
EGREP='/usr/bin/grep -E'
EXEEXT=''
GREP='/usr/bin/grep'
INSTALL_DATA='${INSTALL} -m 644'
INSTALL_PROGRAM='${INSTALL}'
INSTALL_SCRIPT='${INSTALL}'
INSTALL_STRIP_PROGRAM='$(install_sh) -c -s'
LDFLAGS=''
LIBOBJS=' ${LIBOBJDIR}lstat$U.o'
LIBS='-lm '
LTLIBOBJS=' ${LIBOBJDIR}lstat$U.lo'
MAKEINFO='${SHELL} /Users/prateeks/code/loadgen/missing --run makeinfo'
MKDIR_P='./install-sh -c -d'
OBJEXT='o'
PACKAGE='lookbusy'
PACKAGE_BUGREPORT='lookbusy@devin.com'
PACKAGE_NAME='lookbusy'
PACKAGE_STRING='lookbusy 1.4'
PACKAGE_TARNAME='lookbusy'
PACKAGE_URL=''
PACKAGE_VERSION='1.4'
PATH_SEPARATOR=':'
SET_MAKE=''
SHELL='/bin/sh'
STRIP=''
VERSION='1.4'
ac_ct_CC='gcc'
am__EXEEXT_FALSE=''
am__EXEEXT_TRUE='#'
am__fastdepCC_FALSE='#'
am__fastdepCC_TRUE=''
am__include='include'
am__isrc=''
am__leading_dot='.'
am__nodep='_no'
am__quote=''
am__tar='$${TAR-tar} chof - "$$tardir"'
am__untar='$${TAR-tar} xf -'
bindir='${exec_prefix}/bin'
build_alias=''
datadir='${datarootdir}'
datarootdir='${prefix}/share'
docdir='${datarootdir}/doc/${PACKAGE_TARNAME}'
dvidir='${docdir}'
exec_prefix='${prefix}'
host_alias=''
htmldir='${docdir}'
includedir='${prefix}/include'
infodir='${datarootdir}/info'
install_sh='${SHELL} /Users/prateeks/code/loadgen/install-sh'
libdir='${exec_prefix}/lib'
libexecdir='${exec_prefix}/libexec'
localedir='${datarootdir}/locale'
localstatedir='${prefix}/var'
mandir='${datarootdir}/man'
mkdir_p='$(top_builddir)/./install-sh -c -d'
oldincludedir='/usr/include'
pdfdir='${docdir}'
prefix='/usr/local'
program_transform_name='s,x,x,'
psdir='${docdir}'
sbindir='${exec_prefix}/sbin'
sharedstatedir='${prefix}/com'
sysconfdir='${prefix}/etc'
target_alias=''

## ----------- ##
## confdefs.h. ##
## ----------- ##

/* confdefs.h */
#define PACKAGE_NAME "lookbusy"
#define PACKAGE_TARNAME "lookbusy"
#define PACKAGE_VERSION "1.4"
#define PACKAGE_STRING "lookbusy 1.4"
#define PACKAGE_BUGREPORT "lookbusy@devin.com"
#define PACKAGE_URL ""
#define PACKAGE "lookbusy"
#define VERSION "1.4"
#define STDC_HEADERS 1
#define HAVE_SYS_WAIT_H 1
#define HAVE_SYS_TYPES_H 1
#define HAVE_SYS_STAT_H 1
#define HAVE_STDLIB_H 1
#define HAVE_STRING_H 1
#define HAVE_MEMORY_H 1
#define HAVE_STRINGS_H 1
#define HAVE_INTTYPES_H 1
#define HAVE_STDINT_H 1
#define HAVE_UNISTD_H 1
#define HAVE_FCNTL_H 1
#define HAVE_STDINT_H 1
#define HAVE_STDLIB_H 1
#define HAVE_STRING_H 1
#define HAVE_SYS_TIME_H 1
#define HAVE_UNISTD_H 1
#define TIME_WITH_SYS_TIME 1
#define HAVE_FORK 1
#define HAVE_VFORK 1
#define HAVE_WORKING_VFORK 1
#define HAVE_WORKING_FORK 1
#define HAVE_STDLIB_H 1
#define HAVE_MALLOC 1
#define HAVE_STDLIB_H 1
#define HAVE_REALLOC 1
#define RETSIGTYPE void
#define HAVE_VPRINTF 1
#define HAVE_SYSCONF 1
#define HAVE_GETTIMEOFDAY 1
#define HAVE_MEMMOVE 1
#define HAVE_REGCOMP 1
#define HAVE_STRDUP 1
#define HAVE_STRERROR 1
#define HAVE_STRCASECMP 1
#define HAVE_STRTOL 1
#define HAVE_STRTOLL 1
#define HAVE_TZSET 1
#define HAVE_LIBM 1

configure: exit 0
